#### DBGLogOpen Called /media/Infinity/dev/BasicGames/b2c/b2c.cpp[2103]
Loading var translations
  Line='# Functions'
  orig_name='#'
  Line='Routine_01690     | RandInt1to5'
  orig_name='Routine_01690'
  new_name='RandInt1to5'
  Line='Routine_01710     | FruitIdx2Str'
  orig_name='Routine_01710'
  new_name='FruitIdx2Str'
  Line=''
  Line='# Intrinsics (Change mangled name back to original name)'
  orig_name='#'
  Line='SPACE_str     | SPACE'
  orig_name='SPACE_str'
  new_name='SPACE'
  Line='MID_str       | MID'
  orig_name='MID_str'
  new_name='MID'
  Line='CHR_str       | CHR'
  orig_name='CHR_str'
  new_name='CHR'
  Line='RIGHT_str     | RIGHT'
  orig_name='RIGHT_str'
  new_name='RIGHT'
  Line='LEFT_str      | LEFT'
  orig_name='LEFT_str'
  new_name='LEFT'
  Line=''
  Line='# Variables'
  orig_name='#'
  Line='J_int     | Earnings'
  orig_name='J_int'
  new_name='Earnings'
  Line='L_str     | QHelpAnswer'
  orig_name='L_str'
  new_name='QHelpAnswer'
  Line='S_int     | RandInt1to5_Result'
  orig_name='S_int'
  new_name='RandInt1to5_Result'
  Line='S_str     | FruitIdx2Str_Result'
  orig_name='S_str'
  new_name='FruitIdx2Str_Result'
  Line='S1_int     | Roll1'
  orig_name='S1_int'
  new_name='Roll1'
  Line='S1_str     | Roll1Fruit'
  orig_name='S1_str'
  new_name='Roll1Fruit'
  Line='S2_int     | Roll2'
  orig_name='S2_int'
  new_name='Roll2'
  Line='S2_str     | Roll2Fruit'
  orig_name='S2_str'
  new_name='Roll2Fruit'
  Line='S3_int     | Roll3'
  orig_name='S3_int'
  new_name='Roll3'
  Line='S3_str     | Roll3Fruit'
  orig_name='S3_str'
  new_name='Roll3Fruit'
  Line='Z_str     | QContinueAnswer'
  orig_name='Z_str'
  new_name='QContinueAnswer'
  Line=''
  Line='# Line numbers'
  orig_name='#'
  Line='Lbl_01020     | QInstructions'
  orig_name='Lbl_01020'
  new_name='QInstructions'
  Line='Lbl_01090     | Instructions'
  orig_name='Lbl_01090'
  new_name='Instructions'
  Line='Lbl_01160     | StartGame'
  orig_name='Lbl_01160'
  new_name='StartGame'
  Line='Lbl_01180     | GameLoop'
  orig_name='Lbl_01180'
  new_name='GameLoop'
  Line='Lbl_01370     | IsDoubleCherry'
  orig_name='Lbl_01370'
  new_name='IsDoubleCherry'
  Line='Lbl_01390     | IsTripleCherry'
  orig_name='Lbl_01390'
  new_name='IsTripleCherry'
  Line='Lbl_01410     | IsDoubleApple'
  orig_name='Lbl_01410'
  new_name='IsDoubleApple'
  Line='Lbl_01430     | IsDouble'
  orig_name='Lbl_01430'
  new_name='IsDouble'
  Line='Lbl_01450     | Nothing'
  orig_name='Lbl_01450'
  new_name='Nothing'
  Line='Lbl_01470     | ThreeCherries'
  orig_name='Lbl_01470'
  new_name='ThreeCherries'
  Line='Lbl_01490     | DoubleApple'
  orig_name='Lbl_01490'
  new_name='DoubleApple'
  Line='Lbl_01510     | SingleApple'
  orig_name='Lbl_01510'
  new_name='SingleApple'
  Line='Lbl_01530     | TrippleOrDoubleAndCherry'
  orig_name='Lbl_01530'
  new_name='TrippleOrDoubleAndCherry'
  Line='Lbl_01540     | DspResults'
  orig_name='Lbl_01540'
  new_name='DspResults'
  Line='Lbl_01580     | QContinue'
  orig_name='Lbl_01580'
  new_name='QContinue'
  Line='Lbl_01640     | QuitingTime'
  orig_name='Lbl_01640'
  new_name='QuitingTime'
  Line='Lbl_01660     | PlayAgain'
  orig_name='Lbl_01660'
  new_name='PlayAgain'
  Line='Lbl_01720     | StrCherry'
  orig_name='Lbl_01720'
  new_name='StrCherry'
  Line='Lbl_01740     | StrApple'
  orig_name='Lbl_01740'
  new_name='StrApple'
  Line='Lbl_01760     | StrLemon'
  orig_name='Lbl_01760'
  new_name='StrLemon'
  Line='Lbl_01780     | StrOrange'
  orig_name='Lbl_01780'
  new_name='StrOrange'
  Line='Lbl_01800     | StrBanana'
  orig_name='Lbl_01800'
  new_name='StrBanana'
  Line='Lbl_01810     | FruitIdx2StrExit'
  orig_name='Lbl_01810'
  new_name='FruitIdx2StrExit'
  Line=''
Finished loading var translations
Translations:
  'CHR_str' --> 'CHR'
  'J_int' --> 'Earnings'
  'LEFT_str' --> 'LEFT'
  'L_str' --> 'QHelpAnswer'
  'Lbl_01020' --> 'QInstructions'
  'Lbl_01090' --> 'Instructions'
  'Lbl_01160' --> 'StartGame'
  'Lbl_01180' --> 'GameLoop'
  'Lbl_01370' --> 'IsDoubleCherry'
  'Lbl_01390' --> 'IsTripleCherry'
  'Lbl_01410' --> 'IsDoubleApple'
  'Lbl_01430' --> 'IsDouble'
  'Lbl_01450' --> 'Nothing'
  'Lbl_01470' --> 'ThreeCherries'
  'Lbl_01490' --> 'DoubleApple'
  'Lbl_01510' --> 'SingleApple'
  'Lbl_01530' --> 'TrippleOrDoubleAndCherry'
  'Lbl_01540' --> 'DspResults'
  'Lbl_01580' --> 'QContinue'
  'Lbl_01640' --> 'QuitingTime'
  'Lbl_01660' --> 'PlayAgain'
  'Lbl_01720' --> 'StrCherry'
  'Lbl_01740' --> 'StrApple'
  'Lbl_01760' --> 'StrLemon'
  'Lbl_01780' --> 'StrOrange'
  'Lbl_01800' --> 'StrBanana'
  'Lbl_01810' --> 'FruitIdx2StrExit'
  'MID_str' --> 'MID'
  'RIGHT_str' --> 'RIGHT'
  'Routine_01690' --> 'RandInt1to5'
  'Routine_01710' --> 'FruitIdx2Str'
  'S1_int' --> 'Roll1'
  'S1_str' --> 'Roll1Fruit'
  'S2_int' --> 'Roll2'
  'S2_str' --> 'Roll2Fruit'
  'S3_int' --> 'Roll3'
  'S3_str' --> 'Roll3Fruit'
  'SPACE_str' --> 'SPACE'
  'S_int' --> 'RandInt1to5_Result'
  'S_str' --> 'FruitIdx2Str_Result'
  'Z_str' --> 'QContinueAnswer'
End Translations.
(PRINTSTMT)basiclval.stype='S1$'
(PRINTSTMT)basiclval.stype='S2$'
(PRINTSTMT)basiclval.stype='S3$'
(PRINTSTMT)basiclval.stype='J'
